info it worked if it ends with ok
verbose cli [ 'node', '/usr/bin/npm', 'install', '-d' ]
info using npm@1.0.106
info using node@v0.6.5
verbose config file /Users/saleiva/.npmrc
verbose config file /usr/local/etc/npmrc
verbose config file /usr/local/lib/node_modules/npm/npmrc
ERR! Couldn't read dependencies.
ERR! Error: ENOENT, no such file or directory '/Users/saleiva/package.json'
ERR! Report this *entire* log at:
ERR!     <http://github.com/isaacs/npm/issues>
ERR! or email it to:
ERR!     <npm-@googlegroups.com>
ERR! 
ERR! System Darwin 11.2.0
ERR! command "node" "/usr/bin/npm" "install" "-d"
ERR! cwd /Users/saleiva/workspace/freeder
ERR! node -v v0.6.5
ERR! npm -v 1.0.106
ERR! path /Users/saleiva/package.json
ERR! code ENOENT
verbose exit [ 1, true ]
